<?xml version="1.0" encoding="UTF-8"?>
<!-- Generated by org.testng.reporters.JUnitReportReporter -->
<testsuite hostname="DIVRAJ-2004" failures="0" tests="4" name="runnerpack.WebRunner" time="16.993" errors="0" timestamp="2025-04-07T14:47:19 IST" skipped="0">
  <testcase classname="runnerpack.WebRunner" name="runScenario" time="9.115"/>
  <testcase classname="runnerpack.WebRunner" name="runScenario" time="4.185"/>
  <testcase classname="runnerpack.WebRunner" name="runScenario" time="2.003"/>
  <testcase classname="runnerpack.WebRunner" name="runScenario" time="1.690"/>
</testsuite> <!-- runnerpack.WebRunner -->
