<?xml version="1.0" encoding="UTF-8"?>
<!-- Generated by org.testng.reporters.JUnitReportReporter -->
<testsuite hostname="DIVRAJ-2004" failures="0" tests="2" name="runnerpack.WebRunner" time="14.477" errors="0" timestamp="2025-04-04T16:20:07 IST" skipped="0">
  <testcase classname="runnerpack.WebRunner" name="runScenario" time="12.794"/>
  <testcase classname="runnerpack.WebRunner" name="runScenario" time="1.683"/>
</testsuite> <!-- runnerpack.WebRunner -->
