<?xml version="1.0" encoding="UTF-8"?>
<!-- Generated by org.testng.reporters.JUnitReportReporter -->
<testsuite hostname="DIVRAJ-2004" failures="0" tests="2" name="runnerpack.WebRunner" time="50.904" errors="0" timestamp="2025-04-07T10:10:45 IST" skipped="0">
  <testcase classname="runnerpack.WebRunner" name="runScenario" time="48.971"/>
  <testcase classname="runnerpack.WebRunner" name="runScenario" time="1.933"/>
</testsuite> <!-- runnerpack.WebRunner -->
