<?xml version="1.0" encoding="UTF-8"?>
<!-- Generated by org.testng.reporters.JUnitReportReporter -->
<testsuite hostname="DIVRAJ-2004" failures="0" tests="5" name="runnerpack.WebRunner" time="26.575" errors="0" timestamp="2025-04-07T19:53:43 IST" skipped="0">
  <testcase classname="runnerpack.WebRunner" name="runScenario" time="1.875"/>
  <testcase classname="runnerpack.WebRunner" name="runScenario" time="1.869"/>
  <testcase classname="runnerpack.WebRunner" name="runScenario" time="6.261"/>
  <testcase classname="runnerpack.WebRunner" name="runScenario" time="8.018"/>
  <testcase classname="runnerpack.WebRunner" name="runScenario" time="8.552"/>
</testsuite> <!-- runnerpack.WebRunner -->
