<?xml version="1.0" encoding="UTF-8"?>
<!-- Generated by org.testng.reporters.JUnitReportReporter -->
<testsuite hostname="DIVRAJ-2004" failures="0" tests="5" name="runnerpack.WebRunner" time="24.771" errors="0" timestamp="2025-04-07T19:40:28 IST" skipped="0">
  <testcase classname="runnerpack.WebRunner" name="runScenario" time="7.624"/>
  <testcase classname="runnerpack.WebRunner" name="runScenario" time="2.042"/>
  <testcase classname="runnerpack.WebRunner" name="runScenario" time="5.119"/>
  <testcase classname="runnerpack.WebRunner" name="runScenario" time="8.067"/>
  <testcase classname="runnerpack.WebRunner" name="runScenario" time="1.919"/>
</testsuite> <!-- runnerpack.WebRunner -->
