<?xml version="1.0" encoding="UTF-8"?>
<!-- Generated by org.testng.reporters.JUnitReportReporter -->
<testsuite hostname="DIVRAJ-2004" failures="0" tests="5" name="runnerpack.WebRunner" time="24.056" errors="0" timestamp="2025-04-07T16:01:19 IST" skipped="0">
  <testcase classname="runnerpack.WebRunner" name="runScenario" time="8.532"/>
  <testcase classname="runnerpack.WebRunner" name="runScenario" time="5.843"/>
  <testcase classname="runnerpack.WebRunner" name="runScenario" time="1.895"/>
  <testcase classname="runnerpack.WebRunner" name="runScenario" time="1.812"/>
  <testcase classname="runnerpack.WebRunner" name="runScenario" time="5.974"/>
</testsuite> <!-- runnerpack.WebRunner -->
