<?xml version="1.0" encoding="UTF-8"?>
<!-- Generated by org.testng.reporters.JUnitReportReporter -->
<testsuite hostname="DIVRAJ-2004" failures="0" tests="4" name="runnerpack.WebRunner" time="46.210" errors="0" timestamp="2025-04-07T11:55:42 IST" skipped="0">
  <testcase classname="runnerpack.WebRunner" name="runScenario" time="2.574"/>
  <testcase classname="runnerpack.WebRunner" name="runScenario" time="24.746"/>
  <testcase classname="runnerpack.WebRunner" name="runScenario" time="7.964"/>
  <testcase classname="runnerpack.WebRunner" name="runScenario" time="10.926"/>
</testsuite> <!-- runnerpack.WebRunner -->
