<?xml version="1.0" encoding="UTF-8"?>
<!-- Generated by org.testng.reporters.JUnitReportReporter -->
<testsuite hostname="DIVRAJ-2004" failures="0" tests="5" name="runnerpack.WebRunner" time="28.693" errors="0" timestamp="2025-04-07T16:52:23 IST" skipped="0">
  <testcase classname="runnerpack.WebRunner" name="runScenario" time="8.540"/>
  <testcase classname="runnerpack.WebRunner" name="runScenario" time="1.705"/>
  <testcase classname="runnerpack.WebRunner" name="runScenario" time="1.776"/>
  <testcase classname="runnerpack.WebRunner" name="runScenario" time="6.317"/>
  <testcase classname="runnerpack.WebRunner" name="runScenario" time="10.355"/>
</testsuite> <!-- runnerpack.WebRunner -->
