<?xml version="1.0" encoding="UTF-8"?>
<!-- Generated by org.testng.reporters.JUnitReportReporter -->
<testsuite hostname="DIVRAJ-2004" failures="0" tests="5" name="runnerpack.WebRunner" time="24.709" errors="0" timestamp="2025-04-07T16:41:49 IST" skipped="0">
  <testcase classname="runnerpack.WebRunner" name="runScenario" time="2.029"/>
  <testcase classname="runnerpack.WebRunner" name="runScenario" time="1.632"/>
  <testcase classname="runnerpack.WebRunner" name="runScenario" time="4.980"/>
  <testcase classname="runnerpack.WebRunner" name="runScenario" time="10.007"/>
  <testcase classname="runnerpack.WebRunner" name="runScenario" time="6.061"/>
</testsuite> <!-- runnerpack.WebRunner -->
