<?xml version="1.0" encoding="UTF-8"?>
<!-- Generated by org.testng.reporters.JUnitReportReporter -->
<testsuite hostname="DIVRAJ-2004" failures="0" tests="5" name="runnerpack.WebRunner" time="48.763" errors="0" timestamp="2025-04-08T09:59:22 IST" skipped="0">
  <testcase classname="runnerpack.WebRunner" name="runScenario" time="10.283"/>
  <testcase classname="runnerpack.WebRunner" name="runScenario" time="3.078"/>
  <testcase classname="runnerpack.WebRunner" name="runScenario" time="19.046"/>
  <testcase classname="runnerpack.WebRunner" name="runScenario" time="4.790"/>
  <testcase classname="runnerpack.WebRunner" name="runScenario" time="11.566"/>
</testsuite> <!-- runnerpack.WebRunner -->
