<?xml version="1.0" encoding="UTF-8"?>
<!-- Generated by org.testng.reporters.JUnitReportReporter -->
<testsuite hostname="DIVRAJ-2004" failures="0" tests="4" name="runnerpack.WebRunner" time="36.902" errors="0" timestamp="2025-04-07T13:09:38 IST" skipped="0">
  <testcase classname="runnerpack.WebRunner" name="runScenario" time="5.834"/>
  <testcase classname="runnerpack.WebRunner" name="runScenario" time="20.324"/>
  <testcase classname="runnerpack.WebRunner" name="runScenario" time="3.507"/>
  <testcase classname="runnerpack.WebRunner" name="runScenario" time="7.237"/>
</testsuite> <!-- runnerpack.WebRunner -->
